\BOOKMARK [1][-]{section.1}{Introduction}{}% 1
\BOOKMARK [2][-]{subsection.1.1}{Acknowledgement}{section.1}% 2
\BOOKMARK [1][-]{section.2}{Background}{}% 3
\BOOKMARK [2][-]{subsection.2.1}{Pseudo-code for the Computing KNN using k-d Trees}{section.2}% 4
\BOOKMARK [2][-]{subsection.2.2}{Construction the Tree}{section.2}% 5
\BOOKMARK [2][-]{subsection.2.3}{Tree Traversal}{section.2}% 6
\BOOKMARK [2][-]{subsection.2.4}{Related Work}{section.2}% 7
\BOOKMARK [3][-]{subsubsection.2.4.1}{PatchMatch}{subsection.2.4}% 8
\BOOKMARK [3][-]{subsubsection.2.4.2}{Coherency Sensitive Hashing}{subsection.2.4}% 9
\BOOKMARK [1][-]{section.3}{Implementation}{}% 10
\BOOKMARK [2][-]{subsection.3.1}{Brute Force}{section.3}% 11
\BOOKMARK [3][-]{subsubsection.3.1.1}{Difficulties and Shortcomings}{subsection.3.1}% 12
\BOOKMARK [2][-]{subsection.3.2}{k-d Tree Construction}{section.3}% 13
\BOOKMARK [3][-]{subsubsection.3.2.1}{Difficulties and Shortcomings}{subsection.3.2}% 14
\BOOKMARK [2][-]{subsection.3.3}{Tree Traversal}{section.3}% 15
\BOOKMARK [3][-]{subsubsection.3.3.1}{Representing the Stack as an Integer}{subsection.3.3}% 16
\BOOKMARK [3][-]{subsubsection.3.3.2}{Validating Whether to Look at the second}{subsection.3.3}% 17
\BOOKMARK [3][-]{subsubsection.3.3.3}{Difficulties and Shortcomings}{subsection.3.3}% 18
\BOOKMARK [2][-]{subsection.3.4}{The Full Implementation}{section.3}% 19
\BOOKMARK [1][-]{section.4}{Experimental Evaluation}{}% 20
\BOOKMARK [2][-]{subsection.4.1}{Optimisation using Sorting over Partition}{section.4}% 21
\BOOKMARK [2][-]{subsection.4.2}{Optimising Tree Traversal with Full Dimensionality Checking}{section.4}% 22
\BOOKMARK [3][-]{subsubsection.4.2.1}{Demonstrating a Comparison of the Number of Leaf Visits}{subsection.4.2}% 23
\BOOKMARK [2][-]{subsection.4.3}{Brute Force versus k-d Trees for Computing KNN}{section.4}% 24
\BOOKMARK [1][-]{section.5}{Conclusion}{}% 25
\BOOKMARK [1][-]{section.6}{Appendix}{}% 26
\BOOKMARK [2][-]{subsection.6.1}{Additional Graphs for Performance of Brute Force versus k-d Trees}{section.6}% 27
\BOOKMARK [1][-]{section*.29}{References}{}% 28
